<?xml version="1.0" encoding="UTF-8"?>
<!-- Generated by org.testng.reporters.JUnitReportReporter -->
<testsuite hostname="WIN10H-75D3A6G1" failures="0" tests="2" name="Tests.PageActions" time="5.171" errors="0" timestamp="2020-05-09T15:13:14 IST" skipped="0">
  <testcase classname="Tests.PageActions" name="clickOnTabs" time="3.626"/>
  <system-out/>
  <testcase classname="Tests.PageActions" name="searchOnSomething" time="1.545"/>
  <system-out/>
</testsuite> <!-- Tests.PageActions -->
