<?xml version="1.0" encoding="UTF-8"?>
<!-- Generated by org.testng.reporters.JUnitReportReporter -->
<testsuite hostname="WIN10H-75D3A6G1" failures="0" tests="1" name="Tests.DummyTest" time="0.001" errors="0" timestamp="2020-05-09T15:13:14 IST" skipped="0">
  <testcase classname="Tests.DummyTest" name="testOnDummy" time="0.001"/>
  <system-out/>
</testsuite> <!-- Tests.DummyTest -->
