<?xml version="1.0" encoding="UTF-8"?>
<!-- Generated by org.testng.reporters.JUnitReportReporter -->
<testsuite hostname="WIN10H-75D3A6G1" failures="0" tests="2" name="Tests.GoogleSearch" time="5.141" errors="0" timestamp="2020-05-09T15:13:14 IST" skipped="0">
  <testcase classname="Tests.GoogleSearch" name="sendText" time="1.574"/>
  <system-out/>
  <testcase classname="Tests.GoogleSearch" name="clickSearchButton" time="3.567"/>
  <system-out/>
</testsuite> <!-- Tests.GoogleSearch -->
